[2025-10-14T06:07:53.785Z] [SYSTEM] Application PRCR lancée sur le port 3080.
[2025-10-14T06:12:17.090Z] [INFO] Débat GAN démarré (Niveau: débutant)
[2025-10-14T06:12:17.097Z] [SUCCESS] Débat GAN complété. Question ID: Q-008. Total Sessions: 6.
[2025-10-14T06:13:06.583Z] [INFO] Débat GAN démarré (Niveau: débutant)
[2025-10-14T06:13:06.587Z] [SUCCESS] Débat GAN complété. Question ID: Q-008. Total Sessions: 7.
[2025-10-14T06:15:31.045Z] [INFO] Débat GAN démarré (Niveau: débutant)
[2025-10-14T06:15:31.051Z] [SUCCESS] Débat GAN complété. Question ID: Q-008. Total Sessions: 8.
[2025-10-14T06:15:44.776Z] [INFO] Débat GAN démarré (Niveau: débutant)
[2025-10-14T06:15:44.781Z] [SUCCESS] Débat GAN complété. Question ID: Q-014. Total Sessions: 9.
[2025-10-14T06:16:09.853Z] [INFO] Débat GAN démarré (Niveau: débutant)
[2025-10-14T06:16:09.858Z] [SUCCESS] Débat GAN complété. Question ID: Q-015. Total Sessions: 10.
[2025-10-14T06:18:58.020Z] [SYSTEM] Application PRCR lancée sur le port 3080.
[2025-10-14T06:19:17.614Z] [INFO] Débat GAN démarré (Niveau: débutant)
[2025-10-14T06:19:17.620Z] [SUCCESS] Débat GAN complété. Question ID: Q-016. Total Sessions: 11.
[2025-10-14T06:20:52.249Z] [SYSTEM] Application PRCR lancée sur le port 3080.
[2025-10-14T06:21:10.202Z] [INFO] Débat GAN démarré (Niveau: débutant)
[2025-10-14T06:21:10.208Z] [SUCCESS] Débat GAN complété. Question ID: Q-017. Total Sessions: 12.
[2025-10-14T06:24:13.622Z] [SYSTEM] Application PRCR lancée sur le port 3080.
[2025-10-14T06:24:21.337Z] [INFO] Débat GAN démarré (Niveau: débutant)
[2025-10-14T06:24:21.343Z] [SUCCESS] Débat GAN complété. Question ID: Q-015. Total Sessions: 13.
[2025-10-14T06:26:00.530Z] [SYSTEM] Application PRCR lancée sur le port 3080.
[2025-10-14T06:26:12.762Z] [INFO] Débat GAN démarré (Niveau: débutant)
[2025-10-14T06:26:12.766Z] [SUCCESS] Débat GAN complété. Question ID: Q-018. Total Sessions: 14.
[2025-10-14T06:27:43.488Z] [SYSTEM] Application PRCR lancée sur le port 3080.
[2025-10-14T06:28:23.506Z] [SYSTEM] Application PRCR lancée sur le port 3080.
[2025-10-14T06:30:20.755Z] [SYSTEM] Application PRCR lancée sur le port 3080.
[2025-10-14T06:30:32.889Z] [INFO] Débat GAN démarré (Niveau: débutant)
[2025-10-14T06:30:32.893Z] [SUCCESS] Débat GAN complété. Question ID: Q-008. Total Sessions: 15.
[2025-10-14T06:32:02.900Z] [INFO] Débat GAN démarré (Niveau: débutant)
[2025-10-14T06:32:02.905Z] [SUCCESS] Débat GAN complété. Question ID: Q-010. Total Sessions: 16.
[2025-10-14T07:22:14.275Z] [INFO] Débat GAN démarré (Niveau: débutant)
[2025-10-14T07:22:14.283Z] [SUCCESS] Débat GAN complété. Question ID: Q-008. Total Sessions: 17.
[2025-10-14T07:32:04.379Z] [SYSTEM] Application PRCR lancée sur le port 3080.
[2025-10-14T07:38:55.405Z] [SYSTEM] Application PRCR lancée sur le port 3080.
[2025-10-14T07:39:02.626Z] [INFO] Débat GAN démarré (Niveau: débutant)
[2025-10-14T07:39:02.632Z] [SUCCESS] Débat GAN complété. Question ID: Q-018. Total Sessions: 18.
[2025-10-14T07:42:06.730Z] [INFO] Débat GAN démarré (Niveau: débutant)
[2025-10-14T07:42:06.735Z] [SUCCESS] Débat GAN complété. Question ID: Q-015. Total Sessions: 19.
[2025-10-14T07:46:27.610Z] [SYSTEM] Application PRCR lancée sur le port 3080.
[2025-10-14T07:46:40.245Z] [INFO] Débat GAN démarré (Niveau: débutant)
[2025-10-14T07:46:40.250Z] [SUCCESS] Débat GAN complété. Question ID: Q-008. Total Sessions: 20.
[2025-10-14T07:48:48.738Z] [INFO] Débat GAN démarré (Niveau: débutant)
[2025-10-14T07:48:48.738Z] [INFO] Débat GAN démarré (Niveau: débutant)
[2025-10-14T07:48:48.743Z] [SUCCESS] Débat GAN complété. Question ID: Q-010. Total Sessions: 21.
[2025-10-14T07:48:48.746Z] [SUCCESS] Débat GAN complété. Question ID: Q-019. Total Sessions: 21.
[2025-10-14T07:54:43.043Z] [SYSTEM] Application PRCR lancée sur le port 3080.
[2025-10-14T07:54:52.120Z] [INFO] Débat GAN démarré (Niveau: débutant)
[2025-10-14T07:54:52.125Z] [SUCCESS] Débat GAN complété. Question ID: Q-001. Total Sessions: 1.
[2025-10-14T07:54:54.230Z] [INFO] Débat GAN démarré (Niveau: débutant)
[2025-10-14T07:54:54.233Z] [SUCCESS] Débat GAN complété. Question ID: Q-002. Total Sessions: 2.
[2025-10-14T08:00:20.728Z] [SYSTEM] Application PRCR lancée sur le port 3080.
[2025-10-14T08:00:57.187Z] [SYSTEM] Application PRCR lancée sur le port 3080.
[2025-10-14T08:02:31.328Z] [SYSTEM] Application PRCR lancée sur le port 3080.
[2025-10-14T08:03:22.634Z] [ERROR] Échec critique 1001 Solutions: generateLlamaSolution is not defined
[2025-10-14T08:03:22.635Z] [ERROR] Échec critique 1001 Solutions: generateLlamaSolution is not defined
[2025-10-14T08:03:25.182Z] [ERROR] Échec critique 1001 Solutions: generateLlamaSolution is not defined
[2025-10-14T08:03:25.315Z] [ERROR] Échec critique 1001 Solutions: generateLlamaSolution is not defined
[2025-10-14T08:03:29.154Z] [ERROR] Échec critique 1001 Solutions: generateLlamaSolution is not defined
[2025-10-14T08:03:29.270Z] [ERROR] Échec critique 1001 Solutions: generateLlamaSolution is not defined
[2025-10-14T08:03:49.689Z] [INFO] Débat GAN démarré (Niveau: débutant)
[2025-10-14T08:03:49.694Z] [SUCCESS] Débat GAN complété. Question ID: Q-003. Total Sessions: 3.
[2025-10-14T08:04:17.429Z] [INFO] Débat GAN démarré (Niveau: débutant)
[2025-10-14T08:04:17.433Z] [SUCCESS] Débat GAN complété. Question ID: Q-004. Total Sessions: 4.
[2025-10-14T08:04:38.597Z] [SYSTEM] Application PRCR lancée sur le port 3080.
[2025-10-14T08:04:45.935Z] [INFO] Débat GAN démarré (Niveau: débutant)
[2025-10-14T08:04:45.939Z] [SUCCESS] Débat GAN complété. Question ID: Q-003. Total Sessions: 5.
[2025-10-14T08:04:52.738Z] [ERROR] Échec critique 1001 Solutions: generateLlamaSolution is not defined
[2025-10-14T08:04:58.161Z] [ERROR] Échec critique 1001 Solutions: generateLlamaSolution is not defined
[2025-10-14T08:05:12.092Z] [ERROR] Échec critique 1001 Solutions: generateLlamaSolution is not defined
[2025-10-14T08:05:12.112Z] [ERROR] Échec critique 1001 Solutions: generateLlamaSolution is not defined
[2025-10-14T08:05:18.151Z] [INFO] Débat GAN démarré (Niveau: débutant)
[2025-10-14T08:05:18.154Z] [SUCCESS] Débat GAN complété. Question ID: Q-005. Total Sessions: 6.
[2025-10-14T08:06:19.357Z] [SYSTEM] Application PRCR lancée sur le port 3080.
[2025-10-14T08:06:24.701Z] [ERROR] Échec critique 1001 Solutions: generateLlamaSolution is not defined
[2025-10-14T08:06:25.104Z] [ERROR] Échec critique 1001 Solutions: generateLlamaSolution is not defined
[2025-10-14T08:06:29.092Z] [ERROR] Échec critique 1001 Solutions: generateLlamaSolution is not defined
[2025-10-14T08:06:29.404Z] [ERROR] Échec critique 1001 Solutions: generateLlamaSolution is not defined
[2025-10-14T08:06:41.906Z] [INFO] Débat GAN démarré (Niveau: débutant)
[2025-10-14T08:06:41.912Z] [SUCCESS] Débat GAN complété. Question ID: Q-003. Total Sessions: 7.
[2025-10-14T08:06:51.526Z] [ERROR] Échec critique 1001 Solutions: generateLlamaSolution is not defined
[2025-10-14T08:06:51.534Z] [ERROR] Échec critique 1001 Solutions: generateLlamaSolution is not defined
[2025-10-14T08:07:14.666Z] [INFO] Débat GAN démarré (Niveau: débutant)
[2025-10-14T08:07:14.669Z] [SUCCESS] Débat GAN complété. Question ID: Q-003. Total Sessions: 8.
[2025-10-14T08:10:34.997Z] [SYSTEM] Application PRCR lancée sur le port 3080.
[2025-10-14T08:10:43.776Z] [ERROR] Échec critique 1001 Solutions: generateLlamaSolution is not defined
[2025-10-14T08:10:44.079Z] [ERROR] Échec critique 1001 Solutions: generateLlamaSolution is not defined
[2025-10-14T08:12:36.475Z] [SYSTEM] Application PRCR lancée sur le port 3080.
[2025-10-14T08:12:44.785Z] [INFO] Débat GAN démarré (Niveau: débutant)
[2025-10-14T08:12:44.790Z] [SUCCESS] Débat GAN complété. Question ID: Q-003. Total Sessions: 9.
[2025-10-14T08:12:48.881Z] [INFO] Débat GAN démarré (Niveau: débutant)
[2025-10-14T08:12:48.886Z] [SUCCESS] Débat GAN complété. Question ID: Q-003. Total Sessions: 10.
[2025-10-14T08:12:56.281Z] [ERROR] Échec critique 1001 Solutions: generateLlamaSolution is not defined
[2025-10-14T08:13:01.648Z] [ERROR] Échec critique 1001 Solutions: generateLlamaSolution is not defined
[2025-10-14T08:13:03.547Z] [ERROR] Échec critique 1001 Solutions: generateLlamaSolution is not defined
[2025-10-14T08:13:08.946Z] [ERROR] Échec critique 1001 Solutions: generateLlamaSolution is not defined
[2025-10-14T08:13:19.939Z] [ERROR] Échec critique 1001 Solutions: generateLlamaSolution is not defined
[2025-10-14T08:13:20.020Z] [ERROR] Échec critique 1001 Solutions: generateLlamaSolution is not defined
[2025-10-14T08:13:50.167Z] [SYSTEM] Application PRCR lancée sur le port 3080.
[2025-10-14T08:14:05.322Z] [INFO] Débat GAN démarré (Niveau: débutant)
[2025-10-14T08:14:05.328Z] [SUCCESS] Débat GAN complété. Question ID: Q-003. Total Sessions: 11.
[2025-10-14T08:14:07.653Z] [INFO] Débat GAN démarré (Niveau: débutant)
[2025-10-14T08:14:07.657Z] [SUCCESS] Débat GAN complété. Question ID: Q-006. Total Sessions: 12.
[2025-10-14T08:14:15.745Z] [ERROR] Échec critique 1001 Solutions: generateLlamaSolution is not defined
[2025-10-14T08:14:16.154Z] [ERROR] Échec critique 1001 Solutions: generateLlamaSolution is not defined
[2025-10-14T08:15:05.607Z] [ERROR] Échec critique 1001 Solutions: generateLlamaSolution is not defined
[2025-10-14T08:15:05.807Z] [ERROR] Échec critique 1001 Solutions: generateLlamaSolution is not defined
[2025-10-14T08:17:15.169Z] [SYSTEM] Application PRCR lancée sur le port 3080.
[2025-10-14T08:17:27.753Z] [ERROR] Échec critique 1001 Solutions: generateLlamaSolution is not defined
[2025-10-14T08:17:27.892Z] [ERROR] Échec critique 1001 Solutions: generateLlamaSolution is not defined
[2025-10-14T08:20:41.667Z] [SYSTEM] Application PRCR lancée sur le port 3080.
[2025-10-14T08:20:51.072Z] [ERROR] Échec critique 1001 Solutions: generateLlamaSolution is not defined
[2025-10-14T08:20:51.733Z] [ERROR] Échec critique 1001 Solutions: generateLlamaSolution is not defined
[2025-10-14T08:23:55.805Z] [SYSTEM] Application PRCR lancée sur le port 3080.
[2025-10-14T08:24:03.658Z] [SUCCESS] 1001 Solutions générées pour la question: Comment garantir la stabilité financière du FRC fa...
[2025-10-14T08:24:03.703Z] [SUCCESS] 1001 Solutions générées pour la question: Comment garantir la stabilité financière du FRC fa...
[2025-10-14T08:27:14.097Z] [SUCCESS] 1001 Solutions générées pour la question: Comment garantir la stabilité financière du FRC fa...
[2025-10-14T08:27:14.149Z] [SUCCESS] 1001 Solutions générées pour la question: Comment garantir la stabilité financière du FRC fa...
[2025-10-14T08:27:46.609Z] [INFO] Débat GAN démarré (Niveau: débutant)
[2025-10-14T08:27:46.613Z] [SUCCESS] Débat GAN complété. Question ID: Q-007. Total Sessions: 13.
[2025-10-14T08:27:48.877Z] [INFO] Débat GAN démarré (Niveau: débutant)
[2025-10-14T08:27:48.882Z] [SUCCESS] Débat GAN complété. Question ID: Q-003. Total Sessions: 14.
[2025-10-14T08:30:55.183Z] [SYSTEM] Application PRCR lancée sur le port 3080.
[2025-10-14T08:34:55.985Z] [SYSTEM] Application PRCR lancée sur le port 3080.
[2025-10-14T08:35:07.296Z] [SUCCESS] 1001 Solutions générées pour la question: Comment garantir la stabilité financière du FRC fa...
[2025-10-14T08:35:07.482Z] [SUCCESS] 1001 Solutions générées pour la question: Comment garantir la stabilité financière du FRC fa...
[2025-10-14T08:35:21.040Z] [INFO] Débat GAN démarré (Niveau: débutant)
[2025-10-14T08:35:21.046Z] [SUCCESS] Débat GAN complété. Question ID: Q-006. Total Sessions: 15.
[2025-10-14T08:35:21.091Z] [INFO] Débat GAN démarré (Niveau: débutant)
[2025-10-14T08:35:21.094Z] [SUCCESS] Débat GAN complété. Question ID: Q-006. Total Sessions: 16.
[2025-10-14T08:37:23.508Z] [SYSTEM] Application PRCR lancée sur le port 3080.
[2025-10-14T08:38:51.662Z] [SUCCESS] 1001 Solutions générées pour la question: Comment garantir la stabilité financière du FRC fa...
[2025-10-14T08:38:51.664Z] [SUCCESS] 1001 Solutions générées pour la question: Comment garantir la stabilité financière du FRC fa...
[2025-10-14T08:40:41.843Z] [SYSTEM] Application PRCR lancée sur le port 3080.
[2025-10-14T08:43:30.396Z] [INFO] Débat GAN démarré (Niveau: débutant)
[2025-10-14T08:43:30.401Z] [SUCCESS] Débat GAN complété. Question ID: Q-008. Total Sessions: 17.
[2025-10-14T08:43:30.436Z] [INFO] Débat GAN démarré (Niveau: débutant)
[2025-10-14T08:43:30.440Z] [SUCCESS] Débat GAN complété. Question ID: Q-009. Total Sessions: 18.
[2025-10-14T08:43:37.814Z] [SUCCESS] 1001 Solutions générées pour la question: Comment garantir la stabilité financière du FRC fa...
[2025-10-14T08:43:38.284Z] [SUCCESS] 1001 Solutions générées pour la question: Comment garantir la stabilité financière du FRC fa...
[2025-10-14T08:43:39.338Z] [SUCCESS] 1001 Solutions générées pour la question: Comment garantir la stabilité financière du FRC fa...
[2025-10-14T08:43:39.339Z] [SUCCESS] 1001 Solutions générées pour la question: Comment garantir la stabilité financière du FRC fa...
[2025-10-14T08:52:35.763Z] [INFO] Débat GAN démarré (Niveau: débutant)
[2025-10-14T08:52:35.769Z] [SUCCESS] Débat GAN complété. Question ID: Q-003. Total Sessions: 19.
[2025-10-14T08:52:36.300Z] [INFO] Débat GAN démarré (Niveau: débutant)
[2025-10-14T08:52:36.304Z] [SUCCESS] Débat GAN complété. Question ID: Q-006. Total Sessions: 20.
[2025-10-14T09:10:58.492Z] [SYSTEM] Application PRCR lancée sur le port 3080.
[2025-10-14T09:25:29.279Z] [SYSTEM] Application PRCR lancée sur le port 3080.
[2025-10-14T09:25:59.029Z] [ERROR] Échec critique 1001 Solutions: Cannot read properties of undefined (reading 'TARGET_NET_PROFIT_MULTIPLIER')
[2025-10-14T09:25:59.032Z] [ERROR] Échec critique 1001 Solutions: Cannot read properties of undefined (reading 'TARGET_NET_PROFIT_MULTIPLIER')
[2025-10-14T09:26:10.674Z] [ERROR] Échec critique 1001 Solutions: Cannot read properties of undefined (reading 'TARGET_NET_PROFIT_MULTIPLIER')
[2025-10-14T09:26:10.675Z] [ERROR] Échec critique 1001 Solutions: Cannot read properties of undefined (reading 'TARGET_NET_PROFIT_MULTIPLIER')
[2025-10-14T09:27:03.273Z] [SYSTEM] Application PRCR lancée sur le port 3080.
[2025-10-14T09:27:19.610Z] [ERROR] Échec critique 1001 Solutions: Cannot read properties of undefined (reading 'TARGET_NET_PROFIT_MULTIPLIER')
[2025-10-14T09:27:21.317Z] [ERROR] Échec critique 1001 Solutions: Cannot read properties of undefined (reading 'TARGET_NET_PROFIT_MULTIPLIER')
[2025-10-14T09:27:35.241Z] [ERROR] Échec critique 1001 Solutions: Cannot read properties of undefined (reading 'TARGET_NET_PROFIT_MULTIPLIER')
[2025-10-14T09:27:36.450Z] [ERROR] Échec critique 1001 Solutions: Cannot read properties of undefined (reading 'TARGET_NET_PROFIT_MULTIPLIER')
[2025-10-14T09:28:11.005Z] [ERROR] Échec critique 1001 Solutions: Cannot read properties of undefined (reading 'TARGET_NET_PROFIT_MULTIPLIER')
[2025-10-14T09:29:56.132Z] [ERROR] Échec critique 1001 Solutions: Cannot read properties of undefined (reading 'TARGET_NET_PROFIT_MULTIPLIER')
[2025-10-14T10:11:34.789Z] [SYSTEM] Application PRCR lancée sur le port 3080.
[2025-10-14T10:11:37.314Z] [ERROR] Échec d'agrégation du Dashboard: calculateFinalRBUAccounting is not defined
[2025-10-14T10:12:17.048Z] [SYSTEM] Application PRCR lancée sur le port 3080.
[2025-10-14T10:12:19.762Z] [ERROR] Échec d'agrégation du Dashboard: calculateFinalRBUAccounting is not defined
[2025-10-14T10:12:35.204Z] [ERROR] Échec d'agrégation du Dashboard: calculateFinalRBUAccounting is not defined
[2025-10-14T10:14:57.947Z] [SYSTEM] Application PRCR lancée sur le port 3080.
[2025-10-14T10:14:59.683Z] [ERROR] Échec d'agrégation du Dashboard: calculateFinalRBUAccounting is not defined
[2025-10-14T10:16:24.684Z] [SYSTEM] Application PRCR lancée sur le port 3080.
[2025-10-14T10:18:43.057Z] [ERROR] Échec d'agrégation du Dashboard: calculateFinalRBUAccounting is not defined
[2025-10-14T10:18:45.636Z] [ERROR] Échec d'agrégation du Dashboard: calculateFinalRBUAccounting is not defined
[2025-10-14T10:18:50.304Z] [SYSTEM] Application PRCR lancée sur le port 3080.
[2025-10-14T10:18:51.867Z] [ERROR] Échec d'agrégation du Dashboard: calculateFinalRBUAccounting is not defined
[2025-10-14T10:23:08.701Z] [SYSTEM] Application PRCR lancée sur le port 3080.
[2025-10-14T10:43:27.409Z] [ERROR] Échec critique 1001 Solutions: Cannot read properties of undefined (reading 'TARGET_NET_PROFIT_MULTIPLIER')
[2025-10-14T11:04:58.217Z] [SYSTEM] Application PRCR lancée sur le port 3080.
[2025-10-14T11:05:59.925Z] [SYSTEM] Application PRCR lancée sur le port 3080.
[2025-10-14T11:06:10.139Z] [ERROR] Échec critique 1001 Solutions: Cannot read properties of undefined (reading 'TARGET_NET_PROFIT_MULTIPLIER')
[2025-10-14T11:07:03.520Z] [SYSTEM] Application PRCR lancée sur le port 3080.
[2025-10-14T11:07:19.997Z] [ERROR] Échec critique 1001 Solutions: Cannot read properties of undefined (reading 'MIN_RBU_ALLOCATION_EUR')
[2025-10-14T11:24:35.781Z] [SYSTEM] Application PRCR lancée sur le port 3080.
[2025-10-14T11:28:52.884Z] [SYSTEM] Application PRCR lancée sur le port 3080.
[2025-10-14T11:32:23.983Z] [ERROR] Échec critique 1001 Solutions: Cannot read properties of undefined (reading 'MIN_RBU_ALLOCATION_EUR')
[2025-10-14T11:32:25.216Z] [ERROR] Échec critique 1001 Solutions: Cannot read properties of undefined (reading 'MIN_RBU_ALLOCATION_EUR')
[2025-10-14T18:52:23.076Z] [SYSTEM] Application PRCR lancée sur le port 3080.
[2025-11-18T11:00:36.009Z] [SYSTEM] Application PRCR lancée sur le port 3080.
